<?xml version="1.0" encoding="UTF-8"?>
<testsuite name="com.example.projectc1023i1.ProjectC1023I1ApplicationTests" tests="1" skipped="0" failures="0" errors="0" timestamp="2025-07-01T04:40:06" hostname="HUUXUAN" time="0.339">
  <properties/>
  <testcase name="contextLoads()" classname="com.example.projectc1023i1.ProjectC1023I1ApplicationTests" time="0.339"/>
  <system-out><![CDATA[11:39:56.346 [Test worker] INFO org.springframework.test.context.support.AnnotationConfigContextLoaderUtils -- Could not detect default configuration classes for test class [com.example.projectc1023i1.ProjectC1023I1ApplicationTests]: ProjectC1023I1ApplicationTests does not declare any static, non-private, non-final, nested classes annotated with @Configuration.
11:39:56.448 [Test worker] INFO org.springframework.boot.test.context.SpringBootTestContextBootstrapper -- Found @SpringBootConfiguration com.example.projectc1023i1.ProjectC1023I1Application for test class com.example.projectc1023i1.ProjectC1023I1ApplicationTests

  .   ____          _            __ _ _
 /\\ / ___'_ __ _ _(_)_ __  __ _ \ \ \ \
( ( )\___ | '_ | '_| | '_ \/ _` | \ \ \ \
 \\/  ___)| |_)| | | | | || (_| |  ) ) ) )
  '  |____| .__|_| |_|_| |_\__, | / / / /
 =========|_|==============|___/=/_/_/_/

 :: Spring Boot ::                (v3.3.4)

2025-07-01T11:39:56.817+07:00  INFO 13972 --- [project-C1023I1] [    Test worker] c.e.p.ProjectC1023I1ApplicationTests     : Starting ProjectC1023I1ApplicationTests using Java 21.0.5 with PID 13972 (started by XUAN in C:\be\fashion-be\be\fashion-be)
2025-07-01T11:39:56.819+07:00  INFO 13972 --- [project-C1023I1] [    Test worker] c.e.p.ProjectC1023I1ApplicationTests     : No active profile set, falling back to 1 default profile: "default"
2025-07-01T11:39:57.993+07:00  INFO 13972 --- [project-C1023I1] [    Test worker] .s.d.r.c.RepositoryConfigurationDelegate : Multiple Spring Data modules found, entering strict repository configuration mode
2025-07-01T11:39:57.995+07:00  INFO 13972 --- [project-C1023I1] [    Test worker] .s.d.r.c.RepositoryConfigurationDelegate : Bootstrapping Spring Data JPA repositories in DEFAULT mode.
2025-07-01T11:39:58.218+07:00  INFO 13972 --- [project-C1023I1] [    Test worker] .s.d.r.c.RepositoryConfigurationDelegate : Finished Spring Data repository scanning in 214 ms. Found 27 JPA repository interfaces.
2025-07-01T11:39:58.247+07:00  INFO 13972 --- [project-C1023I1] [    Test worker] .s.d.r.c.RepositoryConfigurationDelegate : Multiple Spring Data modules found, entering strict repository configuration mode
2025-07-01T11:39:58.249+07:00  INFO 13972 --- [project-C1023I1] [    Test worker] .s.d.r.c.RepositoryConfigurationDelegate : Bootstrapping Spring Data Redis repositories in DEFAULT mode.
2025-07-01T11:39:58.278+07:00  INFO 13972 --- [project-C1023I1] [    Test worker] .RepositoryConfigurationExtensionSupport : Spring Data Redis - Could not safely identify store assignment for repository candidate interface com.example.projectc1023i1.repository.impl.IAddressUserRepo; If you want this repository to be a Redis repository, consider annotating your entities with one of these annotations: org.springframework.data.redis.core.RedisHash (preferred), or consider extending one of the following types with your repository: org.springframework.data.keyvalue.repository.KeyValueRepository
2025-07-01T11:39:58.279+07:00  INFO 13972 --- [project-C1023I1] [    Test worker] .RepositoryConfigurationExtensionSupport : Spring Data Redis - Could not safely identify store assignment for repository candidate interface com.example.projectc1023i1.repository.impl.ICartItemRepo; If you want this repository to be a Redis repository, consider annotating your entities with one of these annotations: org.springframework.data.redis.core.RedisHash (preferred), or consider extending one of the following types with your repository: org.springframework.data.keyvalue.repository.KeyValueRepository
2025-07-01T11:39:58.280+07:00  INFO 13972 --- [project-C1023I1] [    Test worker] .RepositoryConfigurationExtensionSupport : Spring Data Redis - Could not safely identify store assignment for repository candidate interface com.example.projectc1023i1.repository.impl.ICartRepo; If you want this repository to be a Redis repository, consider annotating your entities with one of these annotations: org.springframework.data.redis.core.RedisHash (preferred), or consider extending one of the following types with your repository: org.springframework.data.keyvalue.repository.KeyValueRepository
2025-07-01T11:39:58.280+07:00  INFO 13972 --- [project-C1023I1] [    Test worker] .RepositoryConfigurationExtensionSupport : Spring Data Redis - Could not safely identify store assignment for repository candidate interface com.example.projectc1023i1.repository.impl.ICategoriesRepo; If you want this repository to be a Redis repository, consider annotating your entities with one of these annotations: org.springframework.data.redis.core.RedisHash (preferred), or consider extending one of the following types with your repository: org.springframework.data.keyvalue.repository.KeyValueRepository
2025-07-01T11:39:58.281+07:00  INFO 13972 --- [project-C1023I1] [    Test worker] .RepositoryConfigurationExtensionSupport : Spring Data Redis - Could not safely identify store assignment for repository candidate interface com.example.projectc1023i1.repository.impl.ICategoryEmployeeRepo; If you want this repository to be a Redis repository, consider annotating your entities with one of these annotations: org.springframework.data.redis.core.RedisHash (preferred), or consider extending one of the following types with your repository: org.springframework.data.keyvalue.repository.KeyValueRepository
2025-07-01T11:39:58.281+07:00  INFO 13972 --- [project-C1023I1] [    Test worker] .RepositoryConfigurationExtensionSupport : Spring Data Redis - Could not safely identify store assignment for repository candidate interface com.example.projectc1023i1.repository.impl.ICEmployeeDetailRepo; If you want this repository to be a Redis repository, consider annotating your entities with one of these annotations: org.springframework.data.redis.core.RedisHash (preferred), or consider extending one of the following types with your repository: org.springframework.data.keyvalue.repository.KeyValueRepository
2025-07-01T11:39:58.281+07:00  INFO 13972 --- [project-C1023I1] [    Test worker] .RepositoryConfigurationExtensionSupport : Spring Data Redis - Could not safely identify store assignment for repository candidate interface com.example.projectc1023i1.repository.impl.ICollectionRepo; If you want this repository to be a Redis repository, consider annotating your entities with one of these annotations: org.springframework.data.redis.core.RedisHash (preferred), or consider extending one of the following types with your repository: org.springframework.data.keyvalue.repository.KeyValueRepository
2025-07-01T11:39:58.282+07:00  INFO 13972 --- [project-C1023I1] [    Test worker] .RepositoryConfigurationExtensionSupport : Spring Data Redis - Could not safely identify store assignment for repository candidate interface com.example.projectc1023i1.repository.impl.IColorRepo; If you want this repository to be a Redis repository, consider annotating your entities with one of these annotations: org.springframework.data.redis.core.RedisHash (preferred), or consider extending one of the following types with your repository: org.springframework.data.keyvalue.repository.KeyValueRepository
2025-07-01T11:39:58.282+07:00  INFO 13972 --- [project-C1023I1] [    Test worker] .RepositoryConfigurationExtensionSupport : Spring Data Redis - Could not safely identify store assignment for repository candidate interface com.example.projectc1023i1.repository.impl.ICommuneRepo; If you want this repository to be a Redis repository, consider annotating your entities with one of these annotations: org.springframework.data.redis.core.RedisHash (preferred), or consider extending one of the following types with your repository: org.springframework.data.keyvalue.repository.KeyValueRepository
2025-07-01T11:39:58.283+07:00  INFO 13972 --- [project-C1023I1] [    Test worker] .RepositoryConfigurationExtensionSupport : Spring Data Redis - Could not safely identify store assignment for repository candidate interface com.example.projectc1023i1.repository.impl.ICouponRepo; If you want this repository to be a Redis repository, consider annotating your entities with one of these annotations: org.springframework.data.redis.core.RedisHash (preferred), or consider extending one of the following types with your repository: org.springframework.data.keyvalue.repository.KeyValueRepository
2025-07-01T11:39:58.283+07:00  INFO 13972 --- [project-C1023I1] [    Test worker] .RepositoryConfigurationExtensionSupport : Spring Data Redis - Could not safely identify store assignment for repository candidate interface com.example.projectc1023i1.repository.impl.IDealRepo; If you want this repository to be a Redis repository, consider annotating your entities with one of these annotations: org.springframework.data.redis.core.RedisHash (preferred), or consider extending one of the following types with your repository: org.springframework.data.keyvalue.repository.KeyValueRepository
2025-07-01T11:39:58.284+07:00  INFO 13972 --- [project-C1023I1] [    Test worker] .RepositoryConfigurationExtensionSupport : Spring Data Redis - Could not safely identify store assignment for repository candidate interface com.example.projectc1023i1.repository.impl.IDistrictRepo; If you want this repository to be a Redis repository, consider annotating your entities with one of these annotations: org.springframework.data.redis.core.RedisHash (preferred), or consider extending one of the following types with your repository: org.springframework.data.keyvalue.repository.KeyValueRepository
2025-07-01T11:39:58.284+07:00  INFO 13972 --- [project-C1023I1] [    Test worker] .RepositoryConfigurationExtensionSupport : Spring Data Redis - Could not safely identify store assignment for repository candidate interface com.example.projectc1023i1.repository.impl.IFeedbackMediaRepo; If you want this repository to be a Redis repository, consider annotating your entities with one of these annotations: org.springframework.data.redis.core.RedisHash (preferred), or consider extending one of the following types with your repository: org.springframework.data.keyvalue.repository.KeyValueRepository
2025-07-01T11:39:58.284+07:00  INFO 13972 --- [project-C1023I1] [    Test worker] .RepositoryConfigurationExtensionSupport : Spring Data Redis - Could not safely identify store assignment for repository candidate interface com.example.projectc1023i1.repository.impl.IFeedbackMessRepo; If you want this repository to be a Redis repository, consider annotating your entities with one of these annotations: org.springframework.data.redis.core.RedisHash (preferred), or consider extending one of the following types with your repository: org.springframework.data.keyvalue.repository.KeyValueRepository
2025-07-01T11:39:58.285+07:00  INFO 13972 --- [project-C1023I1] [    Test worker] .RepositoryConfigurationExtensionSupport : Spring Data Redis - Could not safely identify store assignment for repository candidate interface com.example.projectc1023i1.repository.impl.IFeedbackRepo; If you want this repository to be a Redis repository, consider annotating your entities with one of these annotations: org.springframework.data.redis.core.RedisHash (preferred), or consider extending one of the following types with your repository: org.springframework.data.keyvalue.repository.KeyValueRepository
2025-07-01T11:39:58.285+07:00  INFO 13972 --- [project-C1023I1] [    Test worker] .RepositoryConfigurationExtensionSupport : Spring Data Redis - Could not safely identify store assignment for repository candidate interface com.example.projectc1023i1.repository.impl.IImageRepo; If you want this repository to be a Redis repository, consider annotating your entities with one of these annotations: org.springframework.data.redis.core.RedisHash (preferred), or consider extending one of the following types with your repository: org.springframework.data.keyvalue.repository.KeyValueRepository
2025-07-01T11:39:58.286+07:00  INFO 13972 --- [project-C1023I1] [    Test worker] .RepositoryConfigurationExtensionSupport : Spring Data Redis - Could not safely identify store assignment for repository candidate interface com.example.projectc1023i1.repository.impl.INotificationRepo; If you want this repository to be a Redis repository, consider annotating your entities with one of these annotations: org.springframework.data.redis.core.RedisHash (preferred), or consider extending one of the following types with your repository: org.springframework.data.keyvalue.repository.KeyValueRepository
2025-07-01T11:39:58.286+07:00  INFO 13972 --- [project-C1023I1] [    Test worker] .RepositoryConfigurationExtensionSupport : Spring Data Redis - Could not safely identify store assignment for repository candidate interface com.example.projectc1023i1.repository.impl.IOrderDetailRepo; If you want this repository to be a Redis repository, consider annotating your entities with one of these annotations: org.springframework.data.redis.core.RedisHash (preferred), or consider extending one of the following types with your repository: org.springframework.data.keyvalue.repository.KeyValueRepository
2025-07-01T11:39:58.290+07:00  INFO 13972 --- [project-C1023I1] [    Test worker] .RepositoryConfigurationExtensionSupport : Spring Data Redis - Could not safely identify store assignment for repository candidate interface com.example.projectc1023i1.repository.impl.IOrderRepo; If you want this repository to be a Redis repository, consider annotating your entities with one of these annotations: org.springframework.data.redis.core.RedisHash (preferred), or consider extending one of the following types with your repository: org.springframework.data.keyvalue.repository.KeyValueRepository
2025-07-01T11:39:58.290+07:00  INFO 13972 --- [project-C1023I1] [    Test worker] .RepositoryConfigurationExtensionSupport : Spring Data Redis - Could not safely identify store assignment for repository candidate interface com.example.projectc1023i1.repository.impl.IProductRepo; If you want this repository to be a Redis repository, consider annotating your entities with one of these annotations: org.springframework.data.redis.core.RedisHash (preferred), or consider extending one of the following types with your repository: org.springframework.data.keyvalue.repository.KeyValueRepository
2025-07-01T11:39:58.291+07:00  INFO 13972 --- [project-C1023I1] [    Test worker] .RepositoryConfigurationExtensionSupport : Spring Data Redis - Could not safely identify store assignment for repository candidate interface com.example.projectc1023i1.repository.impl.IProductVariantRepo; If you want this repository to be a Redis repository, consider annotating your entities with one of these annotations: org.springframework.data.redis.core.RedisHash (preferred), or consider extending one of the following types with your repository: org.springframework.data.keyvalue.repository.KeyValueRepository
2025-07-01T11:39:58.291+07:00  INFO 13972 --- [project-C1023I1] [    Test worker] .RepositoryConfigurationExtensionSupport : Spring Data Redis - Could not safely identify store assignment for repository candidate interface com.example.projectc1023i1.repository.impl.IProvinceRepo; If you want this repository to be a Redis repository, consider annotating your entities with one of these annotations: org.springframework.data.redis.core.RedisHash (preferred), or consider extending one of the following types with your repository: org.springframework.data.keyvalue.repository.KeyValueRepository
2025-07-01T11:39:58.291+07:00  INFO 13972 --- [project-C1023I1] [    Test worker] .RepositoryConfigurationExtensionSupport : Spring Data Redis - Could not safely identify store assignment for repository candidate interface com.example.projectc1023i1.repository.impl.IRoleRepo; If you want this repository to be a Redis repository, consider annotating your entities with one of these annotations: org.springframework.data.redis.core.RedisHash (preferred), or consider extending one of the following types with your repository: org.springframework.data.keyvalue.repository.KeyValueRepository
2025-07-01T11:39:58.292+07:00  INFO 13972 --- [project-C1023I1] [    Test worker] .RepositoryConfigurationExtensionSupport : Spring Data Redis - Could not safely identify store assignment for repository candidate interface com.example.projectc1023i1.repository.impl.ISendCodeRepo; If you want this repository to be a Redis repository, consider annotating your entities with one of these annotations: org.springframework.data.redis.core.RedisHash (preferred), or consider extending one of the following types with your repository: org.springframework.data.keyvalue.repository.KeyValueRepository
2025-07-01T11:39:58.292+07:00  INFO 13972 --- [project-C1023I1] [    Test worker] .RepositoryConfigurationExtensionSupport : Spring Data Redis - Could not safely identify store assignment for repository candidate interface com.example.projectc1023i1.repository.impl.ISizeRepo; If you want this repository to be a Redis repository, consider annotating your entities with one of these annotations: org.springframework.data.redis.core.RedisHash (preferred), or consider extending one of the following types with your repository: org.springframework.data.keyvalue.repository.KeyValueRepository
2025-07-01T11:39:58.292+07:00  INFO 13972 --- [project-C1023I1] [    Test worker] .RepositoryConfigurationExtensionSupport : Spring Data Redis - Could not safely identify store assignment for repository candidate interface com.example.projectc1023i1.repository.impl.ISubCategories; If you want this repository to be a Redis repository, consider annotating your entities with one of these annotations: org.springframework.data.redis.core.RedisHash (preferred), or consider extending one of the following types with your repository: org.springframework.data.keyvalue.repository.KeyValueRepository
2025-07-01T11:39:58.292+07:00  INFO 13972 --- [project-C1023I1] [    Test worker] .RepositoryConfigurationExtensionSupport : Spring Data Redis - Could not safely identify store assignment for repository candidate interface com.example.projectc1023i1.repository.impl.IUserRepository; If you want this repository to be a Redis repository, consider annotating your entities with one of these annotations: org.springframework.data.redis.core.RedisHash (preferred), or consider extending one of the following types with your repository: org.springframework.data.keyvalue.repository.KeyValueRepository
2025-07-01T11:39:58.293+07:00  INFO 13972 --- [project-C1023I1] [    Test worker] .s.d.r.c.RepositoryConfigurationDelegate : Finished Spring Data repository scanning in 34 ms. Found 0 Redis repository interfaces.
2025-07-01T11:39:59.807+07:00  INFO 13972 --- [project-C1023I1] [    Test worker] o.hibernate.jpa.internal.util.LogHelper  : HHH000204: Processing PersistenceUnitInfo [name: default]
2025-07-01T11:39:59.947+07:00  INFO 13972 --- [project-C1023I1] [    Test worker] org.hibernate.Version                    : HHH000412: Hibernate ORM core version 6.5.3.Final
2025-07-01T11:40:00.021+07:00  INFO 13972 --- [project-C1023I1] [    Test worker] o.h.c.internal.RegionFactoryInitiator    : HHH000026: Second-level cache disabled
2025-07-01T11:40:00.326+07:00  INFO 13972 --- [project-C1023I1] [    Test worker] o.s.o.j.p.SpringPersistenceUnitInfo      : No LoadTimeWeaver setup: ignoring JPA class transformer
2025-07-01T11:40:00.353+07:00  INFO 13972 --- [project-C1023I1] [    Test worker] com.zaxxer.hikari.HikariDataSource       : HikariPool-1 - Starting...
2025-07-01T11:40:00.492+07:00  INFO 13972 --- [project-C1023I1] [    Test worker] com.zaxxer.hikari.pool.HikariPool        : HikariPool-1 - Added connection com.mysql.cj.jdbc.ConnectionImpl@64cec4d0
2025-07-01T11:40:00.494+07:00  INFO 13972 --- [project-C1023I1] [    Test worker] com.zaxxer.hikari.HikariDataSource       : HikariPool-1 - Start completed.
2025-07-01T11:40:01.846+07:00  INFO 13972 --- [project-C1023I1] [    Test worker] o.h.e.t.j.p.i.JtaPlatformInitiator       : HHH000489: No JTA platform available (set 'hibernate.transaction.jta.platform' to enable JTA platform integration)
2025-07-01T11:40:01.849+07:00  INFO 13972 --- [project-C1023I1] [    Test worker] j.LocalContainerEntityManagerFactoryBean : Initialized JPA EntityManagerFactory for persistence unit 'default'
2025-07-01T11:40:02.269+07:00  INFO 13972 --- [project-C1023I1] [    Test worker] o.s.d.j.r.query.QueryEnhancerFactory     : Hibernate is in classpath; If applicable, HQL parser will be used.
2025-07-01T11:40:04.511+07:00  INFO 13972 --- [project-C1023I1] [    Test worker] eAuthenticationProviderManagerConfigurer : Global AuthenticationManager configured with AuthenticationProvider bean with name authenticationProvider
2025-07-01T11:40:04.512+07:00  WARN 13972 --- [project-C1023I1] [    Test worker] r$InitializeUserDetailsManagerConfigurer : Global AuthenticationManager configured with an AuthenticationProvider bean. UserDetailsService beans will not be used for username/password login. Consider removing the AuthenticationProvider bean. Alternatively, consider using the UserDetailsService in a manually instantiated DaoAuthenticationProvider.
2025-07-01T11:40:04.677+07:00  WARN 13972 --- [project-C1023I1] [    Test worker] JpaBaseConfiguration$JpaWebConfiguration : spring.jpa.open-in-view is enabled by default. Therefore, database queries may be performed during view rendering. Explicitly configure spring.jpa.open-in-view to disable this warning
2025-07-01T11:40:05.203+07:00  INFO 13972 --- [project-C1023I1] [    Test worker] o.s.b.a.e.web.EndpointLinksResolver      : Exposing 4 endpoints beneath base path '/actuator'
2025-07-01T11:40:05.579+07:00  WARN 13972 --- [project-C1023I1] [    Test worker] ion$DefaultTemplateResolverConfiguration : Cannot find template location: classpath:/templates/ (please add some templates, check your Thymeleaf configuration, or set spring.thymeleaf.check-template-location=false)
2025-07-01T11:40:05.981+07:00  INFO 13972 --- [project-C1023I1] [    Test worker] o.s.m.s.b.SimpleBrokerMessageHandler     : Starting...
2025-07-01T11:40:05.982+07:00  INFO 13972 --- [project-C1023I1] [    Test worker] o.s.m.s.b.SimpleBrokerMessageHandler     : BrokerAvailabilityEvent[available=true, SimpleBrokerMessageHandler [org.springframework.messaging.simp.broker.DefaultSubscriptionRegistry@1ecb92f9]]
2025-07-01T11:40:05.983+07:00  INFO 13972 --- [project-C1023I1] [    Test worker] o.s.m.s.b.SimpleBrokerMessageHandler     : Started.
2025-07-01T11:40:05.992+07:00  INFO 13972 --- [project-C1023I1] [    Test worker] c.e.p.ProjectC1023I1ApplicationTests     : Started ProjectC1023I1ApplicationTests in 9.416 seconds (process running for 10.505)
]]></system-out>
  <system-err><![CDATA[WARNING: A Java agent has been loaded dynamically (C:\Users\XUAN\.gradle\caches\modules-2\files-2.1\net.bytebuddy\byte-buddy-agent\1.14.19\154da3a65b4f4a909d3e5bdec55d1b2b4cbb6ce1\byte-buddy-agent-1.14.19.jar)
WARNING: If a serviceability tool is in use, please run with -XX:+EnableDynamicAgentLoading to hide this warning
WARNING: If a serviceability tool is not in use, please run with -Djdk.instrument.traceUsage for more information
WARNING: Dynamic loading of agents will be disallowed by default in a future release
]]></system-err>
</testsuite>
